<?xml version="1.0" encoding="UTF-8"?>
<testng-results ignored="0" total="1" passed="1" failed="0" skipped="0">
  <reporter-output>
  </reporter-output>
  <suite started-at="2023-11-27T10:19:28 IST" name="Surefire suite" finished-at="2023-11-27T10:19:29 IST" duration-ms="98">
    <groups>
    </groups>
    <test started-at="2023-11-27T10:19:28 IST" name="Surefire test" finished-at="2023-11-27T10:19:29 IST" duration-ms="98">
      <class name="Insurance.testing.AppTest">
        <test-method signature="shouldAnswerWithTrue()" started-at="2023-11-27T10:19:29 IST" name="shouldAnswerWithTrue" finished-at="2023-11-27T10:19:29 IST" duration-ms="14" status="PASS">
          <reporter-output>
          </reporter-output>
        </test-method> <!-- shouldAnswerWithTrue -->
      </class> <!-- Insurance.testing.AppTest -->
    </test> <!-- Surefire test -->
  </suite> <!-- Surefire suite -->
</testng-results>
